0 silly input []
1 silly flags { _: [ 'bootstrap' ],
1 silly flags   'reject-cycles': false,
1 silly flags   rejectCycles: false,
1 silly flags   args: [] }
2 verbose rootPath /Users/david/Development/flambe/frontend
3 info version 2.11.0
4 silly existsSync /Users/david/Development/flambe/frontend/VERSION
5 silly initialize attempt
6 silly npmConfig { registry: undefined,
6 silly npmConfig   npmClient: undefined,
6 silly npmConfig   npmClientArgs: undefined,
6 silly npmConfig   mutex: undefined }
7 silly initialize success
8 silly execute attempt
9 info Bootstrapping 2 packages
10 info lifecycle preinstall
11 silly runScript preinstall undefined
12 silly
13 silly runScript preinstall flambe-logo
14 silly flambe-logo
15 silly hasDependencyInstalled undefined '@babel/polyfill'
16 silly dependencyIsSatisfied [ '@babel/polyfill',
16 silly dependencyIsSatisfied   '^7.0.0-beta.46',
16 silly dependencyIsSatisfied   '/Users/david/Development/flambe/frontend/packages/core/node_modules' ]
17 verbose dependencyIsSatisfied @babel/polyfill false
18 silly hasDependencyInstalled undefined 'dayjs'
19 silly dependencyIsSatisfied [ 'dayjs',
19 silly dependencyIsSatisfied   '^1.5.19',
19 silly dependencyIsSatisfied   '/Users/david/Development/flambe/frontend/packages/core/node_modules' ]
20 verbose dependencyIsSatisfied dayjs false
21 silly hasDependencyInstalled undefined 'downshift'
22 silly dependencyIsSatisfied [ 'downshift',
22 silly dependencyIsSatisfied   '^1.9.1',
22 silly dependencyIsSatisfied   '/Users/david/Development/flambe/frontend/packages/core/node_modules' ]
23 verbose dependencyIsSatisfied downshift false
24 silly hasDependencyInstalled undefined 'emoji-regex'
25 silly dependencyIsSatisfied [ 'emoji-regex',
25 silly dependencyIsSatisfied   '^6.5.1',
25 silly dependencyIsSatisfied   '/Users/david/Development/flambe/frontend/packages/core/node_modules' ]
26 verbose dependencyIsSatisfied emoji-regex false
27 silly hasDependencyInstalled undefined 'fuzzaldrin-plus'
28 silly dependencyIsSatisfied [ 'fuzzaldrin-plus',
28 silly dependencyIsSatisfied   '^0.5.0',
28 silly dependencyIsSatisfied   '/Users/david/Development/flambe/frontend/packages/core/node_modules' ]
29 verbose dependencyIsSatisfied fuzzaldrin-plus false
30 silly hasDependencyInstalled undefined 'history'
31 silly dependencyIsSatisfied [ 'history',
31 silly dependencyIsSatisfied   '^4.7.2',
31 silly dependencyIsSatisfied   '/Users/david/Development/flambe/frontend/packages/core/node_modules' ]
32 verbose dependencyIsSatisfied history false
33 silly hasDependencyInstalled undefined 'humanize-duration'
34 silly dependencyIsSatisfied [ 'humanize-duration',
34 silly dependencyIsSatisfied   '^3.12.0',
34 silly dependencyIsSatisfied   '/Users/david/Development/flambe/frontend/packages/core/node_modules' ]
35 verbose dependencyIsSatisfied humanize-duration false
36 silly hasDependencyInstalled undefined 'lodash'
37 silly dependencyIsSatisfied [ 'lodash',
37 silly dependencyIsSatisfied   '^4.17.4',
37 silly dependencyIsSatisfied   '/Users/david/Development/flambe/frontend/packages/core/node_modules' ]
38 verbose dependencyIsSatisfied lodash false
39 silly hasDependencyInstalled undefined 'match-sorter'
40 silly dependencyIsSatisfied [ 'match-sorter',
40 silly dependencyIsSatisfied   '^2.0.2',
40 silly dependencyIsSatisfied   '/Users/david/Development/flambe/frontend/packages/core/node_modules' ]
41 verbose dependencyIsSatisfied match-sorter false
42 silly hasDependencyInstalled undefined 'mdx'
43 silly dependencyIsSatisfied [ 'mdx',
43 silly dependencyIsSatisfied   '^0.3.1',
43 silly dependencyIsSatisfied   '/Users/david/Development/flambe/frontend/packages/core/node_modules' ]
44 verbose dependencyIsSatisfied mdx false
45 silly hasDependencyInstalled undefined 'phoenix'
46 silly dependencyIsSatisfied [ 'phoenix',
46 silly dependencyIsSatisfied   '^1.3.0',
46 silly dependencyIsSatisfied   '/Users/david/Development/flambe/frontend/packages/core/node_modules' ]
47 verbose dependencyIsSatisfied phoenix false
48 silly hasDependencyInstalled undefined 'react'
49 silly dependencyIsSatisfied [ 'react',
49 silly dependencyIsSatisfied   '^16.3.2',
49 silly dependencyIsSatisfied   '/Users/david/Development/flambe/frontend/packages/core/node_modules' ]
50 verbose dependencyIsSatisfied react false
51 silly hasDependencyInstalled undefined 'react-color'
52 silly dependencyIsSatisfied [ 'react-color',
52 silly dependencyIsSatisfied   '^2.13.5',
52 silly dependencyIsSatisfied   '/Users/david/Development/flambe/frontend/packages/core/node_modules' ]
53 verbose dependencyIsSatisfied react-color false
54 silly hasDependencyInstalled undefined 'react-commander'
55 silly dependencyIsSatisfied [ 'react-commander',
55 silly dependencyIsSatisfied   '^0.0.1',
55 silly dependencyIsSatisfied   '/Users/david/Development/flambe/frontend/packages/core/node_modules' ]
56 verbose dependencyIsSatisfied react-commander false
57 silly hasDependencyInstalled undefined 'react-contexify'
58 silly dependencyIsSatisfied [ 'react-contexify',
58 silly dependencyIsSatisfied   '^3.0.0',
58 silly dependencyIsSatisfied   '/Users/david/Development/flambe/frontend/packages/core/node_modules' ]
59 verbose dependencyIsSatisfied react-contexify false
60 silly hasDependencyInstalled undefined 'react-dnd'
61 silly dependencyIsSatisfied [ 'react-dnd',
61 silly dependencyIsSatisfied   '^2.5.1',
61 silly dependencyIsSatisfied   '/Users/david/Development/flambe/frontend/packages/core/node_modules' ]
62 verbose dependencyIsSatisfied react-dnd false
63 silly hasDependencyInstalled undefined 'react-dnd-html5-backend'
64 silly dependencyIsSatisfied [ 'react-dnd-html5-backend',
64 silly dependencyIsSatisfied   '^2.5.1',
64 silly dependencyIsSatisfied   '/Users/david/Development/flambe/frontend/packages/core/node_modules' ]
65 verbose dependencyIsSatisfied react-dnd-html5-backend false
66 silly hasDependencyInstalled undefined 'react-dom'
67 silly dependencyIsSatisfied [ 'react-dom',
67 silly dependencyIsSatisfied   '^16.2.0',
67 silly dependencyIsSatisfied   '/Users/david/Development/flambe/frontend/packages/core/node_modules' ]
68 verbose dependencyIsSatisfied react-dom false
69 silly hasDependencyInstalled undefined 'react-hot-loader'
70 silly dependencyIsSatisfied [ 'react-hot-loader',
70 silly dependencyIsSatisfied   '^3.0.0-beta.7',
70 silly dependencyIsSatisfied   '/Users/david/Development/flambe/frontend/packages/core/node_modules' ]
71 verbose dependencyIsSatisfied react-hot-loader false
72 silly hasDependencyInstalled undefined 'react-modal'
73 silly dependencyIsSatisfied [ 'react-modal',
73 silly dependencyIsSatisfied   '^3.4.4',
73 silly dependencyIsSatisfied   '/Users/david/Development/flambe/frontend/packages/core/node_modules' ]
74 verbose dependencyIsSatisfied react-modal false
75 silly hasDependencyInstalled undefined 'react-redux'
76 silly dependencyIsSatisfied [ 'react-redux',
76 silly dependencyIsSatisfied   '^5.0.6',
76 silly dependencyIsSatisfied   '/Users/david/Development/flambe/frontend/packages/core/node_modules' ]
77 verbose dependencyIsSatisfied react-redux false
78 silly hasDependencyInstalled undefined 'react-router-dom'
79 silly dependencyIsSatisfied [ 'react-router-dom',
79 silly dependencyIsSatisfied   '^4.2.2',
79 silly dependencyIsSatisfied   '/Users/david/Development/flambe/frontend/packages/core/node_modules' ]
80 verbose dependencyIsSatisfied react-router-dom false
81 silly hasDependencyInstalled undefined 'react-router-redux'
82 silly dependencyIsSatisfied [ 'react-router-redux',
82 silly dependencyIsSatisfied   '^5.0.0-alpha.9',
82 silly dependencyIsSatisfied   '/Users/david/Development/flambe/frontend/packages/core/node_modules' ]
83 verbose dependencyIsSatisfied react-router-redux false
84 silly hasDependencyInstalled undefined 'recompose'
85 silly dependencyIsSatisfied [ 'recompose',
85 silly dependencyIsSatisfied   '^0.25.0',
85 silly dependencyIsSatisfied   '/Users/david/Development/flambe/frontend/packages/core/node_modules' ]
86 verbose dependencyIsSatisfied recompose false
87 silly hasDependencyInstalled undefined 'redux'
88 silly dependencyIsSatisfied [ 'redux',
88 silly dependencyIsSatisfied   '4.0.0',
88 silly dependencyIsSatisfied   '/Users/david/Development/flambe/frontend/packages/core/node_modules' ]
89 verbose dependencyIsSatisfied redux false
90 silly hasDependencyInstalled undefined 'redux-saga'
91 silly dependencyIsSatisfied [ 'redux-saga',
91 silly dependencyIsSatisfied   '^0.16.0',
91 silly dependencyIsSatisfied   '/Users/david/Development/flambe/frontend/packages/core/node_modules' ]
92 verbose dependencyIsSatisfied redux-saga false
93 silly hasDependencyInstalled undefined 'redux-thunk'
94 silly dependencyIsSatisfied [ 'redux-thunk',
94 silly dependencyIsSatisfied   '^2.2.0',
94 silly dependencyIsSatisfied   '/Users/david/Development/flambe/frontend/packages/core/node_modules' ]
95 verbose dependencyIsSatisfied redux-thunk false
96 silly hasDependencyInstalled undefined 'regenerator-runtime'
97 silly dependencyIsSatisfied [ 'regenerator-runtime',
97 silly dependencyIsSatisfied   '^0.11.1',
97 silly dependencyIsSatisfied   '/Users/david/Development/flambe/frontend/packages/core/node_modules' ]
98 verbose dependencyIsSatisfied regenerator-runtime false
99 silly hasDependencyInstalled undefined 'styled-components'
100 silly dependencyIsSatisfied [ 'styled-components',
100 silly dependencyIsSatisfied   '^3.2.6',
100 silly dependencyIsSatisfied   '/Users/david/Development/flambe/frontend/packages/core/node_modules' ]
101 verbose dependencyIsSatisfied styled-components false
102 silly hasDependencyInstalled undefined 'tinycolor2'
103 silly dependencyIsSatisfied [ 'tinycolor2',
103 silly dependencyIsSatisfied   '^1.4.1',
103 silly dependencyIsSatisfied   '/Users/david/Development/flambe/frontend/packages/core/node_modules' ]
104 verbose dependencyIsSatisfied tinycolor2 false
105 silly root dependencies []
106 silly leaf dependencies {
106 silly leaf dependencies   "undefined": [
106 silly leaf dependencies     {
106 silly leaf dependencies       "dependency": "@babel/polyfill@^7.0.0-beta.46",
106 silly leaf dependencies       "isSatisfied": false
106 silly leaf dependencies     },
106 silly leaf dependencies     {
106 silly leaf dependencies       "dependency": "dayjs@^1.5.19",
106 silly leaf dependencies       "isSatisfied": false
106 silly leaf dependencies     },
106 silly leaf dependencies     {
106 silly leaf dependencies       "dependency": "downshift@^1.9.1",
106 silly leaf dependencies       "isSatisfied": false
106 silly leaf dependencies     },
106 silly leaf dependencies     {
106 silly leaf dependencies       "dependency": "emoji-regex@^6.5.1",
106 silly leaf dependencies       "isSatisfied": false
106 silly leaf dependencies     },
106 silly leaf dependencies     {
106 silly leaf dependencies       "dependency": "fuzzaldrin-plus@^0.5.0",
106 silly leaf dependencies       "isSatisfied": false
106 silly leaf dependencies     },
106 silly leaf dependencies     {
106 silly leaf dependencies       "dependency": "history@^4.7.2",
106 silly leaf dependencies       "isSatisfied": false
106 silly leaf dependencies     },
106 silly leaf dependencies     {
106 silly leaf dependencies       "dependency": "humanize-duration@^3.12.0",
106 silly leaf dependencies       "isSatisfied": false
106 silly leaf dependencies     },
106 silly leaf dependencies     {
106 silly leaf dependencies       "dependency": "lodash@^4.17.4",
106 silly leaf dependencies       "isSatisfied": false
106 silly leaf dependencies     },
106 silly leaf dependencies     {
106 silly leaf dependencies       "dependency": "match-sorter@^2.0.2",
106 silly leaf dependencies       "isSatisfied": false
106 silly leaf dependencies     },
106 silly leaf dependencies     {
106 silly leaf dependencies       "dependency": "mdx@^0.3.1",
106 silly leaf dependencies       "isSatisfied": false
106 silly leaf dependencies     },
106 silly leaf dependencies     {
106 silly leaf dependencies       "dependency": "phoenix@^1.3.0",
106 silly leaf dependencies       "isSatisfied": false
106 silly leaf dependencies     },
106 silly leaf dependencies     {
106 silly leaf dependencies       "dependency": "react@^16.3.2",
106 silly leaf dependencies       "isSatisfied": false
106 silly leaf dependencies     },
106 silly leaf dependencies     {
106 silly leaf dependencies       "dependency": "react-color@^2.13.5",
106 silly leaf dependencies       "isSatisfied": false
106 silly leaf dependencies     },
106 silly leaf dependencies     {
106 silly leaf dependencies       "dependency": "react-commander@^0.0.1",
106 silly leaf dependencies       "isSatisfied": false
106 silly leaf dependencies     },
106 silly leaf dependencies     {
106 silly leaf dependencies       "dependency": "react-contexify@^3.0.0",
106 silly leaf dependencies       "isSatisfied": false
106 silly leaf dependencies     },
106 silly leaf dependencies     {
106 silly leaf dependencies       "dependency": "react-dnd@^2.5.1",
106 silly leaf dependencies       "isSatisfied": false
106 silly leaf dependencies     },
106 silly leaf dependencies     {
106 silly leaf dependencies       "dependency": "react-dnd-html5-backend@^2.5.1",
106 silly leaf dependencies       "isSatisfied": false
106 silly leaf dependencies     },
106 silly leaf dependencies     {
106 silly leaf dependencies       "dependency": "react-dom@^16.2.0",
106 silly leaf dependencies       "isSatisfied": false
106 silly leaf dependencies     },
106 silly leaf dependencies     {
106 silly leaf dependencies       "dependency": "react-hot-loader@^3.0.0-beta.7",
106 silly leaf dependencies       "isSatisfied": false
106 silly leaf dependencies     },
106 silly leaf dependencies     {
106 silly leaf dependencies       "dependency": "react-modal@^3.4.4",
106 silly leaf dependencies       "isSatisfied": false
106 silly leaf dependencies     },
106 silly leaf dependencies     {
106 silly leaf dependencies       "dependency": "react-redux@^5.0.6",
106 silly leaf dependencies       "isSatisfied": false
106 silly leaf dependencies     },
106 silly leaf dependencies     {
106 silly leaf dependencies       "dependency": "react-router-dom@^4.2.2",
106 silly leaf dependencies       "isSatisfied": false
106 silly leaf dependencies     },
106 silly leaf dependencies     {
106 silly leaf dependencies       "dependency": "react-router-redux@^5.0.0-alpha.9",
106 silly leaf dependencies       "isSatisfied": false
106 silly leaf dependencies     },
106 silly leaf dependencies     {
106 silly leaf dependencies       "dependency": "recompose@^0.25.0",
106 silly leaf dependencies       "isSatisfied": false
106 silly leaf dependencies     },
106 silly leaf dependencies     {
106 silly leaf dependencies       "dependency": "redux@4.0.0",
106 silly leaf dependencies       "isSatisfied": false
106 silly leaf dependencies     },
106 silly leaf dependencies     {
106 silly leaf dependencies       "dependency": "redux-saga@^0.16.0",
106 silly leaf dependencies       "isSatisfied": false
106 silly leaf dependencies     },
106 silly leaf dependencies     {
106 silly leaf dependencies       "dependency": "redux-thunk@^2.2.0",
106 silly leaf dependencies       "isSatisfied": false
106 silly leaf dependencies     },
106 silly leaf dependencies     {
106 silly leaf dependencies       "dependency": "regenerator-runtime@^0.11.1",
106 silly leaf dependencies       "isSatisfied": false
106 silly leaf dependencies     },
106 silly leaf dependencies     {
106 silly leaf dependencies       "dependency": "styled-components@^3.2.6",
106 silly leaf dependencies       "isSatisfied": false
106 silly leaf dependencies     },
106 silly leaf dependencies     {
106 silly leaf dependencies       "dependency": "tinycolor2@^1.4.1",
106 silly leaf dependencies       "isSatisfied": false
106 silly leaf dependencies     }
106 silly leaf dependencies   ]
106 silly leaf dependencies }
107 info Installing external dependencies
108 verbose actions 1 actions, concurrency 4
109 silly installInDir core [ '@babel/polyfill@^7.0.0-beta.46',
109 silly installInDir   'dayjs@^1.5.19',
109 silly installInDir   'downshift@^1.9.1',
109 silly installInDir   'emoji-regex@^6.5.1',
109 silly installInDir   'fuzzaldrin-plus@^0.5.0',
109 silly installInDir   'history@^4.7.2',
109 silly installInDir   'humanize-duration@^3.12.0',
109 silly installInDir   'lodash@^4.17.4',
109 silly installInDir   'match-sorter@^2.0.2',
109 silly installInDir   'mdx@^0.3.1',
109 silly installInDir   'phoenix@^1.3.0',
109 silly installInDir   'react@^16.3.2',
109 silly installInDir   'react-color@^2.13.5',
109 silly installInDir   'react-commander@^0.0.1',
109 silly installInDir   'react-contexify@^3.0.0',
109 silly installInDir   'react-dnd@^2.5.1',
109 silly installInDir   'react-dnd-html5-backend@^2.5.1',
109 silly installInDir   'react-dom@^16.2.0',
109 silly installInDir   'react-hot-loader@^3.0.0-beta.7',
109 silly installInDir   'react-modal@^3.4.4',
109 silly installInDir   'react-redux@^5.0.6',
109 silly installInDir   'react-router-dom@^4.2.2',
109 silly installInDir   'react-router-redux@^5.0.0-alpha.9',
109 silly installInDir   'recompose@^0.25.0',
109 silly installInDir   'redux@4.0.0',
109 silly installInDir   'redux-saga@^0.16.0',
109 silly installInDir   'redux-thunk@^2.2.0',
109 silly installInDir   'regenerator-runtime@^0.11.1',
109 silly installInDir   'styled-components@^3.2.6',
109 silly installInDir   'tinycolor2@^1.4.1' ]
110 silly installInDir backup /Users/david/Development/flambe/frontend/packages/core/package.json
111 silly rename [ '/Users/david/Development/flambe/frontend/packages/core/package.json',
111 silly rename   '/Users/david/Development/flambe/frontend/packages/core/package.json.lerna_backup' ]
112 silly installInDir writing tempJson { dependencies:
112 silly installInDir    { '@babel/polyfill': '^7.0.0-beta.46',
112 silly installInDir      dayjs: '^1.5.19',
112 silly installInDir      downshift: '^1.9.1',
112 silly installInDir      'emoji-regex': '^6.5.1',
112 silly installInDir      'fuzzaldrin-plus': '^0.5.0',
112 silly installInDir      history: '^4.7.2',
112 silly installInDir      'humanize-duration': '^3.12.0',
112 silly installInDir      lodash: '^4.17.4',
112 silly installInDir      'match-sorter': '^2.0.2',
112 silly installInDir      mdx: '^0.3.1',
112 silly installInDir      phoenix: '^1.3.0',
112 silly installInDir      react: '^16.3.2',
112 silly installInDir      'react-color': '^2.13.5',
112 silly installInDir      'react-commander': '^0.0.1',
112 silly installInDir      'react-contexify': '^3.0.0',
112 silly installInDir      'react-dnd': '^2.5.1',
112 silly installInDir      'react-dnd-html5-backend': '^2.5.1',
112 silly installInDir      'react-dom': '^16.2.0',
112 silly installInDir      'react-hot-loader': '^3.0.0-beta.7',
112 silly installInDir      'react-modal': '^3.4.4',
112 silly installInDir      'react-redux': '^5.0.6',
112 silly installInDir      'react-router-dom': '^4.2.2',
112 silly installInDir      'react-router-redux': '^5.0.0-alpha.9',
112 silly installInDir      recompose: '^0.25.0',
112 silly installInDir      redux: '4.0.0',
112 silly installInDir      'redux-saga': '^0.16.0',
112 silly installInDir      'redux-thunk': '^2.2.0',
112 silly installInDir      'regenerator-runtime': '^0.11.1',
112 silly installInDir      'styled-components': '^3.2.6',
112 silly installInDir      tinycolor2: '^1.4.1' } }
113 silly getExecOpts { cwd: '/Users/david/Development/flambe/frontend/packages/core' }
114 silly installInDir [ 'npm', [ 'install' ] ]
115 silly installInDir cleanup /Users/david/Development/flambe/frontend/packages/core/package.json
116 silly renameSync [ '/Users/david/Development/flambe/frontend/packages/core/package.json.lerna_backup',
116 silly renameSync   '/Users/david/Development/flambe/frontend/packages/core/package.json' ]
117 verbose installed leaf undefined
118 error execute callback with error
119 error Error: Command failed: npm install
119 error npm WARN checkPermissions Missing write access to /Users/david/Development/flambe/frontend/packages/core/node_modules
119 error npm WARN core No description
119 error npm WARN core No repository field.
119 error npm WARN core No license field.
119 error
119 error npm ERR! path /Users/david/Development/flambe/frontend/packages/core/node_modules
119 error npm ERR! code EACCES
119 error npm ERR! errno -13
119 error npm ERR! syscall access
119 error npm ERR! Error: EACCES: permission denied, access '/Users/david/Development/flambe/frontend/packages/core/node_modules'
119 error npm ERR!  { Error: EACCES: permission denied, access '/Users/david/Development/flambe/frontend/packages/core/node_modules'
119 error npm ERR!   stack: 'Error: EACCES: permission denied, access \'/Users/david/Development/flambe/frontend/packages/core/node_modules\'',
119 error npm ERR!   errno: -13,
119 error npm ERR!   code: 'EACCES',
119 error npm ERR!   syscall: 'access',
119 error npm ERR!   path: '/Users/david/Development/flambe/frontend/packages/core/node_modules' }
119 error npm ERR!
119 error npm ERR! Please try running this command again as root/Administrator.
119 error
119 error npm ERR! A complete log of this run can be found in:
119 error npm ERR!     /Users/david/.npm/_logs/2018-06-04T17_53_49_360Z-debug.log
119 error
119 error     at Promise.all.then.arr (/usr/local/lib/node_modules/lerna/node_modules/execa/index.js:236:11)
